<?xml version="1.0" encoding="UTF-8"?>
<!-- Generated by org.testng.reporters.JUnitReportReporter -->
<testsuite skipped="0" hostname="WINSTON-PC" name="secondPackage.NewTest" tests="1" failures="0" timestamp="2020-07-14T21:25:53 COT" time="1.557" errors="0">
  <testcase name="test" time="1.557" classname="secondPackage.NewTest"/>
  <system-out/>
</testsuite> <!-- secondPackage.NewTest -->
